<?xml version="1.0" encoding="UTF-8"?>
<!-- Generated by org.testng.reporters.JUnitReportReporter -->
<testsuite hostname="LAPTOP-9QTMGDJ4" failures="0" tests="19" name="TestRunner" time="603.911" errors="0" timestamp="2024-03-16T19:07:48 IST" skipped="0">
  <testcase classname="TestRunner" name="runScenario" time="32.493"/>
  <testcase classname="TestRunner" name="runScenario" time="31.777"/>
  <testcase classname="TestRunner" name="runScenario" time="32.141"/>
  <testcase classname="TestRunner" name="runScenario" time="31.187"/>
  <testcase classname="TestRunner" name="runScenario" time="31.865"/>
  <testcase classname="TestRunner" name="runScenario" time="35.153"/>
  <testcase classname="TestRunner" name="runScenario" time="32.683"/>
  <testcase classname="TestRunner" name="runScenario" time="31.517"/>
  <testcase classname="TestRunner" name="runScenario" time="32.201"/>
  <testcase classname="TestRunner" name="runScenario" time="33.570"/>
  <testcase classname="TestRunner" name="runScenario" time="32.158"/>
  <testcase classname="TestRunner" name="runScenario" time="34.045"/>
  <testcase classname="TestRunner" name="runScenario" time="16.476"/>
  <testcase classname="TestRunner" name="runScenario" time="33.314"/>
  <testcase classname="TestRunner" name="runScenario" time="31.294"/>
  <testcase classname="TestRunner" name="runScenario" time="34.571"/>
  <testcase classname="TestRunner" name="runScenario" time="33.604"/>
  <testcase classname="TestRunner" name="runScenario" time="32.137"/>
  <testcase classname="TestRunner" name="runScenario" time="31.725"/>
</testsuite> <!-- TestRunner -->
